android/app/build/intermediates/manifest_merge_blame_file/release/manifest-merger-blame-release-report.txt
1<?xml version="1.0" encoding="utf-8"?>
2<manifest xmlns:android="http://schemas.android.com/apk/res/android"
3    package="kr.babylab.BeaconPayment"
4    android:versionCode="1"
5    android:versionName="1.0.0" >
6
7    <uses-sdk
8        android:minSdkVersion="21"
8-->src\main\AndroidManifest.xml
9        android:targetSdkVersion="28" />
9-->src\main\AndroidManifest.xml
10
11    <permission
11-->src\main\AndroidManifest.xml:7:3-9:42
12        android:name="kr.babylab.BeaconPayment.permission.C2D_MESSAGE"
12-->src\main\AndroidManifest.xml:8:5-67
13        android:protectionLevel="signature" />
13-->src\main\AndroidManifest.xml:9:5-40
14
15    <!-- These are required permissions to make the app run -->
16    <uses-permission android:name="kr.babylab.BeaconPayment.permission.C2D_MESSAGE" />
16-->src\main\AndroidManifest.xml:12:3-85
16-->src\main\AndroidManifest.xml:12:20-82
17    <uses-permission android:name="com.google.android.c2dm.permission.RECEIVE" />
17-->src\main\AndroidManifest.xml:13:3-80
17-->src\main\AndroidManifest.xml:13:20-77
18    <uses-permission android:name="android.permission.ACCESS_NETWORK_STATE" />
18-->src\main\AndroidManifest.xml:14:3-77
18-->src\main\AndroidManifest.xml:14:20-74
19    <uses-permission android:name="android.permission.INTERNET" />
19-->src\main\AndroidManifest.xml:15:3-65
19-->src\main\AndroidManifest.xml:15:20-62
20    <uses-permission android:name="android.permission.SYSTEM_ALERT_WINDOW" />
20-->src\main\AndroidManifest.xml:16:3-76
20-->src\main\AndroidManifest.xml:16:20-73
21    <uses-permission android:name="android.permission.WAKE_LOCK" />
21-->src\main\AndroidManifest.xml:17:3-66
21-->src\main\AndroidManifest.xml:17:20-63
22
23    <!-- ADD PERMISSIONS HERE -->
24    <!-- BEGIN OPTIONAL PERMISSIONS -->
25    <uses-permission android:name="android.permission.MANAGE_DOCUMENTS" />
25-->src\main\AndroidManifest.xml:21:3-73
25-->src\main\AndroidManifest.xml:21:20-70
26    <uses-permission android:name="android.permission.READ_INTERNAL_STORAGE" />
26-->src\main\AndroidManifest.xml:22:3-78
26-->src\main\AndroidManifest.xml:22:20-75
27    <uses-permission android:name="android.permission.READ_PHONE_STATE" />
27-->src\main\AndroidManifest.xml:23:3-73
27-->src\main\AndroidManifest.xml:23:20-70
28    <uses-permission android:name="android.permission.USE_FINGERPRINT" />
28-->src\main\AndroidManifest.xml:24:3-72
28-->src\main\AndroidManifest.xml:24:20-69
29    <uses-permission android:name="android.permission.VIBRATE" />
29-->src\main\AndroidManifest.xml:25:3-64
29-->src\main\AndroidManifest.xml:25:20-61
30    <uses-permission android:name="com.android.launcher.permission.INSTALL_SHORTCUT" />
30-->src\main\AndroidManifest.xml:26:3-86
30-->src\main\AndroidManifest.xml:26:20-83
31    <uses-permission android:name="android.permission.MODIFY_AUDIO_SETTINGS" />
31-->src\main\AndroidManifest.xml:27:3-78
31-->src\main\AndroidManifest.xml:27:20-75
32
33    <!-- These require runtime permissions on M -->
34    <uses-permission android:name="android.permission.ACCESS_COARSE_LOCATION" />
34-->src\main\AndroidManifest.xml:30:3-79
34-->src\main\AndroidManifest.xml:30:20-76
35    <uses-permission android:name="android.permission.ACCESS_FINE_LOCATION" />
35-->src\main\AndroidManifest.xml:31:3-77
35-->src\main\AndroidManifest.xml:31:20-74
36    <uses-permission android:name="android.permission.CAMERA" />
36-->src\main\AndroidManifest.xml:32:3-63
36-->src\main\AndroidManifest.xml:32:20-60
37    <uses-permission android:name="android.permission.READ_CONTACTS" />
37-->src\main\AndroidManifest.xml:33:3-70
37-->src\main\AndroidManifest.xml:33:20-67
38    <uses-permission android:name="android.permission.READ_CALENDAR" />
38-->src\main\AndroidManifest.xml:34:3-70
38-->src\main\AndroidManifest.xml:34:20-67
39    <uses-permission android:name="android.permission.WRITE_CALENDAR" />
39-->src\main\AndroidManifest.xml:35:3-71
39-->src\main\AndroidManifest.xml:35:20-68
40    <uses-permission android:name="android.permission.READ_EXTERNAL_STORAGE" />
40-->src\main\AndroidManifest.xml:36:3-78
40-->src\main\AndroidManifest.xml:36:20-75
41    <uses-permission android:name="android.permission.RECORD_AUDIO" />
41-->src\main\AndroidManifest.xml:37:3-69
41-->src\main\AndroidManifest.xml:37:20-66
42    <uses-permission android:name="android.permission.WRITE_EXTERNAL_STORAGE" />
42-->src\main\AndroidManifest.xml:38:3-79
42-->src\main\AndroidManifest.xml:38:20-76
43    <uses-permission android:name="android.permission.WRITE_SETTINGS" />
43-->src\main\AndroidManifest.xml:39:3-71
43-->src\main\AndroidManifest.xml:39:20-68
44    <!-- END OPTIONAL PERMISSIONS -->
45
46
47    <!-- ADD TEST PERMISSIONS HERE -->
48
49    <uses-feature
49-->src\main\AndroidManifest.xml:44:3-77
50        android:glEsVersion="0x00020000"
50-->src\main\AndroidManifest.xml:44:17-49
51        android:required="true" />
51-->src\main\AndroidManifest.xml:44:50-74
52    <uses-feature
52-->src\main\AndroidManifest.xml:45:3-85
53        android:name="android.software.leanback"
53-->src\main\AndroidManifest.xml:45:17-57
54        android:required="false" />
54-->src\main\AndroidManifest.xml:45:58-82
55    <uses-feature
55-->src\main\AndroidManifest.xml:46:3-88
56        android:name="android.hardware.touchscreen"
56-->src\main\AndroidManifest.xml:46:17-60
57        android:required="false" />
57-->src\main\AndroidManifest.xml:46:61-85
58
59    <!-- WHEN_VERSIONING_REMOVE_FROM_HERE -->
60    <supports-screens
60-->[host.exp.exponent:expoview:36.0.0] AndroidManifest.xml:13:5-19:24
61        android:anyDensity="true"
61-->[host.exp.exponent:expoview:36.0.0] AndroidManifest.xml:14:9-34
62        android:largeScreens="true"
62-->[host.exp.exponent:expoview:36.0.0] AndroidManifest.xml:15:9-36
63        android:normalScreens="true"
63-->[host.exp.exponent:expoview:36.0.0] AndroidManifest.xml:16:9-37
64        android:smallScreens="true"
64-->[host.exp.exponent:expoview:36.0.0] AndroidManifest.xml:17:9-36
65        android:xlargeScreens="true" >
65-->[host.exp.exponent:expoview:36.0.0] AndroidManifest.xml:18:9-37
66    </supports-screens>
67
68    <uses-permission android:name="host.exp.exponent.permission.C2D_MESSAGE" /> <!-- Used by react-native-netinfo module -->
68-->[host.exp.exponent:expoview:36.0.0] AndroidManifest.xml:26:5-80
68-->[host.exp.exponent:expoview:36.0.0] AndroidManifest.xml:26:22-77
69    <uses-permission android:name="android.permission.ACCESS_WIFI_STATE" />
69-->[host.exp.exponent:expoview:36.0.0] AndroidManifest.xml:34:5-76
69-->[host.exp.exponent:expoview:36.0.0] AndroidManifest.xml:34:22-73
70
71    <uses-feature
71-->[host.exp.exponent:expoview:36.0.0] AndroidManifest.xml:47:5-49:36
72        android:name="android.hardware.camera"
72-->[host.exp.exponent:expoview:36.0.0] AndroidManifest.xml:48:9-47
73        android:required="false" />
73-->[host.exp.exponent:expoview:36.0.0] AndroidManifest.xml:49:9-33
74    <uses-feature
74-->[host.exp.exponent:expoview:36.0.0] AndroidManifest.xml:50:5-52:36
75        android:name="android.hardware.camera.autofocus"
75-->[host.exp.exponent:expoview:36.0.0] AndroidManifest.xml:51:9-57
76        android:required="false" />
76-->[host.exp.exponent:expoview:36.0.0] AndroidManifest.xml:52:9-33
77    <uses-feature
77-->[host.exp.exponent:expoview:36.0.0] AndroidManifest.xml:53:5-55:36
78        android:name="android.hardware.location"
78-->[host.exp.exponent:expoview:36.0.0] AndroidManifest.xml:54:9-49
79        android:required="false" />
79-->[host.exp.exponent:expoview:36.0.0] AndroidManifest.xml:55:9-33
80    <uses-feature
80-->[host.exp.exponent:expoview:36.0.0] AndroidManifest.xml:56:5-58:36
81        android:name="android.hardware.location.gps"
81-->[host.exp.exponent:expoview:36.0.0] AndroidManifest.xml:57:9-53
82        android:required="false" />
82-->[host.exp.exponent:expoview:36.0.0] AndroidManifest.xml:58:9-33
83    <uses-feature
83-->[host.exp.exponent:expoview:36.0.0] AndroidManifest.xml:59:5-61:36
84        android:name="android.hardware.location.network"
84-->[host.exp.exponent:expoview:36.0.0] AndroidManifest.xml:60:9-57
85        android:required="false" />
85-->[host.exp.exponent:expoview:36.0.0] AndroidManifest.xml:61:9-33
86    <uses-feature
86-->[host.exp.exponent:expoview:36.0.0] AndroidManifest.xml:62:5-64:36
87        android:name="android.hardware.wifi"
87-->[host.exp.exponent:expoview:36.0.0] AndroidManifest.xml:63:9-45
88        android:required="false" />
88-->[host.exp.exponent:expoview:36.0.0] AndroidManifest.xml:64:9-33
89    <uses-feature
89-->[host.exp.exponent:expoview:36.0.0] AndroidManifest.xml:65:5-67:36
90        android:name="android.hardware.microphone"
90-->[host.exp.exponent:expoview:36.0.0] AndroidManifest.xml:66:9-51
91        android:required="false" />
91-->[host.exp.exponent:expoview:36.0.0] AndroidManifest.xml:67:9-33
92    <uses-feature
92-->[host.exp.exponent:expoview:36.0.0] AndroidManifest.xml:68:5-70:36
93        android:name="android.hardware.telephony"
93-->[host.exp.exponent:expoview:36.0.0] AndroidManifest.xml:69:9-50
94        android:required="false" />
94-->[host.exp.exponent:expoview:36.0.0] AndroidManifest.xml:70:9-33
95    <uses-feature
95-->[host.exp.exponent:expoview:36.0.0] AndroidManifest.xml:71:5-73:36
96        android:name="android.hardware.bluetooth"
96-->[host.exp.exponent:expoview:36.0.0] AndroidManifest.xml:72:9-50
97        android:required="false" />
97-->[host.exp.exponent:expoview:36.0.0] AndroidManifest.xml:73:9-33
98
99    <uses-permission android:name="android.permission.STORAGE" />
99-->[:expo-file-system] AndroidManifest.xml:15:5-66
99-->[:expo-file-system] AndroidManifest.xml:15:22-63
100    <uses-permission android:name="android.permission.FOREGROUND_SERVICE" /> <!-- for android -->
100-->[:expo-location] AndroidManifest.xml:13:5-77
100-->[:expo-location] AndroidManifest.xml:13:22-74
101    <!-- <uses-permission android:name="com.android.launcher.permission.READ_SETTINGS"/> -->
102    <!-- <uses-permission android:name="com.android.launcher.permission.WRITE_SETTINGS"/> -->
103    <!-- <uses-permission android:name="com.android.launcher.permission.INSTALL_SHORTCUT" /> -->
104    <!-- <uses-permission android:name="com.android.launcher.permission.UNINSTALL_SHORTCUT" /> -->
105    <!-- for Samsung -->
106    <uses-permission android:name="com.sec.android.provider.badge.permission.READ" />
106-->[me.leolin:ShortcutBadger:1.1.4] AndroidManifest.xml:19:5-86
106-->[me.leolin:ShortcutBadger:1.1.4] AndroidManifest.xml:19:22-83
107    <uses-permission android:name="com.sec.android.provider.badge.permission.WRITE" /> <!-- for htc -->
107-->[me.leolin:ShortcutBadger:1.1.4] AndroidManifest.xml:20:5-87
107-->[me.leolin:ShortcutBadger:1.1.4] AndroidManifest.xml:20:22-84
108    <uses-permission android:name="com.htc.launcher.permission.READ_SETTINGS" />
108-->[me.leolin:ShortcutBadger:1.1.4] AndroidManifest.xml:23:5-81
108-->[me.leolin:ShortcutBadger:1.1.4] AndroidManifest.xml:23:22-78
109    <uses-permission android:name="com.htc.launcher.permission.UPDATE_SHORTCUT" /> <!-- for sony -->
109-->[me.leolin:ShortcutBadger:1.1.4] AndroidManifest.xml:24:5-83
109-->[me.leolin:ShortcutBadger:1.1.4] AndroidManifest.xml:24:22-80
110    <uses-permission android:name="com.sonyericsson.home.permission.BROADCAST_BADGE" /> <!-- for apex -->
110-->[me.leolin:ShortcutBadger:1.1.4] AndroidManifest.xml:27:5-88
110-->[me.leolin:ShortcutBadger:1.1.4] AndroidManifest.xml:27:22-85
111    <uses-permission android:name="com.anddoes.launcher.permission.UPDATE_COUNT" /> <!-- for solid -->
111-->[me.leolin:ShortcutBadger:1.1.4] AndroidManifest.xml:30:5-84
111-->[me.leolin:ShortcutBadger:1.1.4] AndroidManifest.xml:30:22-81
112    <uses-permission android:name="com.majeur.launcher.permission.UPDATE_BADGE" />
112-->[me.leolin:ShortcutBadger:1.1.4] AndroidManifest.xml:33:5-83
112-->[me.leolin:ShortcutBadger:1.1.4] AndroidManifest.xml:33:22-80
113    <uses-permission android:name="com.google.android.providers.gsf.permission.READ_GSERVICES" />
113-->[io.nlopez.smartlocation:library:3.2.11] AndroidManifest.xml:15:5-98
113-->[io.nlopez.smartlocation:library:3.2.11] AndroidManifest.xml:15:22-95
114    <uses-permission android:name="com.google.android.gms.permission.ACTIVITY_RECOGNITION" />
114-->[io.nlopez.smartlocation:library:3.2.11] AndroidManifest.xml:16:5-94
114-->[io.nlopez.smartlocation:library:3.2.11] AndroidManifest.xml:16:22-91
115    <uses-permission android:name="com.google.android.finsky.permission.BIND_GET_INSTALL_REFERRER_SERVICE" />
115-->[com.google.android.gms:play-services-measurement:16.5.0] AndroidManifest.xml:26:5-110
115-->[com.google.android.gms:play-services-measurement:16.5.0] AndroidManifest.xml:26:22-107
116
117    <application
117-->src\main\AndroidManifest.xml:48:3-365:17
118        android:name="host.exp.exponent.MainApplication"
118-->src\main\AndroidManifest.xml:49:5-36
119        android:allowBackup="true"
119-->src\main\AndroidManifest.xml:50:5-31
120        android:appComponentFactory="androidx.core.app.CoreComponentFactory"
120-->[androidx.core:core:1.1.0] AndroidManifest.xml:24:18-86
121        android:icon="@drawable/product_logo"
121-->src\main\AndroidManifest.xml:51:5-42
122        android:label="@string/app_name"
122-->src\main\AndroidManifest.xml:52:5-37
123        android:largeHeap="true"
123-->src\main\AndroidManifest.xml:53:5-29
124        android:supportsRtl="true"
124-->[:react-native-seoul-kakao-login] AndroidManifest.xml:15:9-35
125        android:usesCleartextTraffic="true" >
125-->src\main\AndroidManifest.xml:54:5-40
126        <activity
126-->src\main\AndroidManifest.xml:56:7-59:50
127            android:name="com.nhn.android.naverlogin.ui.OAuthLoginInAppBrowserActivity"
127-->src\main\AndroidManifest.xml:57:11-86
128            android:configChanges="orientation|screenSize"
128-->[com.naver.nid:naveridlogin-android-sdk:4.2.5] AndroidManifest.xml:22:13-59
129            android:label="OAuth2.0 In-app"
129-->src\main\AndroidManifest.xml:58:11-42
130            android:screenOrientation="portrait" />
130-->src\main\AndroidManifest.xml:59:11-47
131        <activity
131-->src\main\AndroidManifest.xml:61:5-66:16
132            android:name="host.exp.exponent.LauncherActivity"
132-->src\main\AndroidManifest.xml:62:7-39
133            android:exported="true"
133-->src\main\AndroidManifest.xml:63:7-30
134            android:launchMode="singleTask"
134-->src\main\AndroidManifest.xml:64:7-38
135            android:theme="@android:style/Theme.Translucent.NoTitleBar" >
135-->src\main\AndroidManifest.xml:65:7-66
136        </activity>
137        <activity
137-->src\main\AndroidManifest.xml:68:5-73:16
138            android:name="host.exp.exponent.experience.ExperienceActivity"
138-->src\main\AndroidManifest.xml:69:7-52
139            android:configChanges="keyboard|keyboardHidden|orientation|screenSize"
139-->src\main\AndroidManifest.xml:70:7-77
140            android:theme="@style/Theme.Exponent.Light"
140-->src\main\AndroidManifest.xml:71:7-50
141            android:windowSoftInputMode="adjustResize" >
141-->src\main\AndroidManifest.xml:72:7-49
142        </activity>
143        <activity
143-->src\main\AndroidManifest.xml:75:5-95:16
144            android:name="host.exp.exponent.MainActivity"
144-->src\main\AndroidManifest.xml:76:7-35
145            android:configChanges="keyboard|keyboardHidden|orientation|screenSize"
145-->src\main\AndroidManifest.xml:78:7-77
146            android:launchMode="singleTask"
146-->src\main\AndroidManifest.xml:77:7-38
147            android:theme="@style/Theme.Exponent.Splash"
147-->src\main\AndroidManifest.xml:79:7-51
148            android:windowSoftInputMode="adjustResize" >
148-->src\main\AndroidManifest.xml:80:7-49
149            <intent-filter>
149-->src\main\AndroidManifest.xml:81:7-88:23
150                <data android:scheme="exp66e538e5f59d4952a056728aa7b04be8" />
150-->src\main\AndroidManifest.xml:82:9-69
150-->src\main\AndroidManifest.xml:82:15-67
151
152                <action android:name="android.intent.action.VIEW" />
152-->src\main\AndroidManifest.xml:84:9-60
152-->src\main\AndroidManifest.xml:84:17-58
153
154                <category android:name="android.intent.category.DEFAULT" />
154-->src\main\AndroidManifest.xml:86:9-67
154-->src\main\AndroidManifest.xml:86:19-65
155                <category android:name="android.intent.category.BROWSABLE" />
155-->src\main\AndroidManifest.xml:87:9-69
155-->src\main\AndroidManifest.xml:87:19-67
156            </intent-filter>
157            <intent-filter>
157-->src\main\AndroidManifest.xml:89:7-93:23
158                <action android:name="android.intent.action.MAIN" />
158-->src\main\AndroidManifest.xml:90:9-60
158-->src\main\AndroidManifest.xml:90:17-58
159
160                <category android:name="android.intent.category.LAUNCHER" />
160-->src\main\AndroidManifest.xml:92:9-68
160-->src\main\AndroidManifest.xml:92:19-66
161            </intent-filter>
162            <!-- ADD DETACH APP SPECIFIC INTENT FILTERS -->
163        </activity>
164        <activity
164-->src\main\AndroidManifest.xml:97:5-103:16
165            android:name="host.exp.exponent.experience.HomeActivity"
165-->src\main\AndroidManifest.xml:98:7-46
166            android:label="@string/app_name"
166-->src\main\AndroidManifest.xml:99:7-39
167            android:launchMode="singleTask"
167-->src\main\AndroidManifest.xml:100:7-38
168            android:screenOrientation="portrait"
168-->src\main\AndroidManifest.xml:101:7-43
169            android:theme="@style/Theme.Exponent.Light" >
169-->src\main\AndroidManifest.xml:102:7-50
170        </activity>
171        <activity
171-->src\main\AndroidManifest.xml:105:5-114:15
172            android:name="host.exp.exponent.experience.TvActivity"
172-->src\main\AndroidManifest.xml:106:7-44
173            android:label="@string/app_name"
173-->src\main\AndroidManifest.xml:107:7-39
174            android:screenOrientation="landscape"
174-->src\main\AndroidManifest.xml:109:7-44
175            android:theme="@style/Theme.Exponent.Light" >
175-->src\main\AndroidManifest.xml:108:7-50
176            <intent-filter>
176-->src\main\AndroidManifest.xml:110:6-113:22
177                <action android:name="android.intent.action.MAIN" />
177-->src\main\AndroidManifest.xml:90:9-60
177-->src\main\AndroidManifest.xml:90:17-58
178
179                <category android:name="android.intent.category.LEANBACK_LAUNCHER" />
179-->src\main\AndroidManifest.xml:112:8-77
179-->src\main\AndroidManifest.xml:112:18-74
180            </intent-filter>
181        </activity>
182        <activity android:name="com.facebook.react.devsupport.DevSettingsActivity" />
182-->src\main\AndroidManifest.xml:118:5-81
182-->src\main\AndroidManifest.xml:118:15-79
183        <!-- WHEN_PREPARING_SHELL_REMOVE_FROM_HERE -->
184        <!-- ADD DEV SETTINGS HERE -->
185        <!-- BEGIN_SDK_36 -->
186        <activity android:name="abi36_0_0.com.facebook.react.devsupport.DevSettingsActivity" />
186-->src\main\AndroidManifest.xml:122:5-91
186-->src\main\AndroidManifest.xml:122:15-89
187        <!-- END_SDK_36 -->
188        <!-- BEGIN_SDK_35 -->
189        <activity android:name="abi35_0_0.com.facebook.react.devsupport.DevSettingsActivity" />
189-->src\main\AndroidManifest.xml:125:5-91
189-->src\main\AndroidManifest.xml:125:15-89
190        <!-- END_SDK_35 -->
191        <!-- BEGIN_SDK_34 -->
192        <activity android:name="abi34_0_0.com.facebook.react.devsupport.DevSettingsActivity" />
192-->src\main\AndroidManifest.xml:128:5-91
192-->src\main\AndroidManifest.xml:128:15-89
193        <!-- END_SDK_34 -->
194        <!-- BEGIN_SDK_33 -->
195        <activity android:name="abi33_0_0.com.facebook.react.devsupport.DevSettingsActivity" />
195-->src\main\AndroidManifest.xml:131:5-91
195-->src\main\AndroidManifest.xml:131:15-89
196        <!-- END_SDK_33 -->
197        <!-- WHEN_PREPARING_SHELL_REMOVE_TO_HERE -->
198
199        <activity android:name="net.openid.appauth.RedirectUriReceiverActivity" >
199-->src\main\AndroidManifest.xml:135:5-144:16
199-->src\main\AndroidManifest.xml:136:9-70
200            <intent-filter>
200-->src\main\AndroidManifest.xml:138:7-143:23
201                <action android:name="android.intent.action.VIEW" />
201-->src\main\AndroidManifest.xml:84:9-60
201-->src\main\AndroidManifest.xml:84:17-58
202
203                <category android:name="android.intent.category.DEFAULT" />
203-->src\main\AndroidManifest.xml:86:9-67
203-->src\main\AndroidManifest.xml:86:19-65
204                <category android:name="android.intent.category.BROWSABLE" />
204-->src\main\AndroidManifest.xml:87:9-69
204-->src\main\AndroidManifest.xml:87:19-67
205
206                <data
206-->src\main\AndroidManifest.xml:82:9-69
207                    android:path="oauthredirect"
207-->src\main\AndroidManifest.xml:142:57-85
208                    android:scheme="kr.babylab.BeaconPayment" />
208-->src\main\AndroidManifest.xml:82:15-67
209            </intent-filter>
210        </activity>
211
212        <!-- START OF STRIPE SCHEMES -->
213        <activity
213-->src\main\AndroidManifest.xml:147:5-158:16
214            android:name="expo.modules.payments.stripe.RedirectUriReceiver"
214-->src\main\AndroidManifest.xml:150:9-72
215            android:exported="true"
215-->src\main\AndroidManifest.xml:148:9-32
216            android:launchMode="singleTask"
216-->src\main\AndroidManifest.xml:149:9-40
217            android:theme="@android:style/Theme.Translucent.NoTitleBar.Fullscreen" >
217-->src\main\AndroidManifest.xml:151:9-79
218            <intent-filter>
218-->src\main\AndroidManifest.xml:152:9-157:25
219                <action android:name="android.intent.action.VIEW" />
219-->src\main\AndroidManifest.xml:84:9-60
219-->src\main\AndroidManifest.xml:84:17-58
220
221                <category android:name="android.intent.category.DEFAULT" />
221-->src\main\AndroidManifest.xml:86:9-67
221-->src\main\AndroidManifest.xml:86:19-65
222                <category android:name="android.intent.category.BROWSABLE" />
222-->src\main\AndroidManifest.xml:87:9-69
222-->src\main\AndroidManifest.xml:87:19-67
223
224                <data android:scheme="expo.modules.payments.stripe.d198f1f3-05b8-4316-8b68-b7107c1314d6" />
224-->src\main\AndroidManifest.xml:82:9-69
224-->src\main\AndroidManifest.xml:82:15-67
225            </intent-filter>
226        </activity>
227        <!-- Versioned Activity for Stripe -->
228        <!-- BEGIN_SDK_36 -->
229        <activity
229-->src\main\AndroidManifest.xml:161:5-172:16
230            android:name="abi36_0_0.expo.modules.payments.stripe.RedirectUriReceiver"
230-->src\main\AndroidManifest.xml:164:7-80
231            android:exported="true"
231-->src\main\AndroidManifest.xml:162:7-30
232            android:launchMode="singleTask"
232-->src\main\AndroidManifest.xml:163:7-38
233            android:theme="@android:style/Theme.Translucent.NoTitleBar.Fullscreen" >
233-->src\main\AndroidManifest.xml:165:7-77
234            <intent-filter>
234-->src\main\AndroidManifest.xml:166:7-171:23
235                <action android:name="android.intent.action.VIEW" />
235-->src\main\AndroidManifest.xml:84:9-60
235-->src\main\AndroidManifest.xml:84:17-58
236
237                <category android:name="android.intent.category.DEFAULT" />
237-->src\main\AndroidManifest.xml:86:9-67
237-->src\main\AndroidManifest.xml:86:19-65
238                <category android:name="android.intent.category.BROWSABLE" />
238-->src\main\AndroidManifest.xml:87:9-69
238-->src\main\AndroidManifest.xml:87:19-67
239
240                <data android:scheme="abi36_0_0.expo.modules.payments.stripe" />
240-->src\main\AndroidManifest.xml:82:9-69
240-->src\main\AndroidManifest.xml:82:15-67
241            </intent-filter>
242        </activity>
243        <!-- END_SDK_36 -->
244        <!-- BEGIN_SDK_35 -->
245        <activity
245-->src\main\AndroidManifest.xml:175:3-186:14
246            android:name="abi35_0_0.expo.modules.payments.stripe.RedirectUriReceiver"
246-->src\main\AndroidManifest.xml:178:4-77
247            android:exported="true"
247-->src\main\AndroidManifest.xml:176:4-27
248            android:launchMode="singleTask"
248-->src\main\AndroidManifest.xml:177:4-35
249            android:theme="@android:style/Theme.Translucent.NoTitleBar.Fullscreen" >
249-->src\main\AndroidManifest.xml:179:4-74
250            <intent-filter>
250-->src\main\AndroidManifest.xml:180:4-185:20
251                <action android:name="android.intent.action.VIEW" />
251-->src\main\AndroidManifest.xml:84:9-60
251-->src\main\AndroidManifest.xml:84:17-58
252
253                <category android:name="android.intent.category.DEFAULT" />
253-->src\main\AndroidManifest.xml:86:9-67
253-->src\main\AndroidManifest.xml:86:19-65
254                <category android:name="android.intent.category.BROWSABLE" />
254-->src\main\AndroidManifest.xml:87:9-69
254-->src\main\AndroidManifest.xml:87:19-67
255
256                <data android:scheme="abi35_0_0.expo.modules.payments.stripe" />
256-->src\main\AndroidManifest.xml:82:9-69
256-->src\main\AndroidManifest.xml:82:15-67
257            </intent-filter>
258        </activity>
259        <!-- END_SDK_35 -->
260        <!-- BEGIN_SDK_34 -->
261        <activity
261-->src\main\AndroidManifest.xml:189:5-200:16
262            android:name="abi34_0_0.expo.modules.payments.stripe.RedirectUriReceiver"
262-->src\main\AndroidManifest.xml:192:7-80
263            android:exported="true"
263-->src\main\AndroidManifest.xml:190:7-30
264            android:launchMode="singleTask"
264-->src\main\AndroidManifest.xml:191:7-38
265            android:theme="@android:style/Theme.Translucent.NoTitleBar.Fullscreen" >
265-->src\main\AndroidManifest.xml:193:7-77
266            <intent-filter>
266-->src\main\AndroidManifest.xml:194:7-199:23
267                <action android:name="android.intent.action.VIEW" />
267-->src\main\AndroidManifest.xml:84:9-60
267-->src\main\AndroidManifest.xml:84:17-58
268
269                <category android:name="android.intent.category.DEFAULT" />
269-->src\main\AndroidManifest.xml:86:9-67
269-->src\main\AndroidManifest.xml:86:19-65
270                <category android:name="android.intent.category.BROWSABLE" />
270-->src\main\AndroidManifest.xml:87:9-69
270-->src\main\AndroidManifest.xml:87:19-67
271
272                <data android:scheme="abi34_0_0.expo.modules.payments.stripe" />
272-->src\main\AndroidManifest.xml:82:9-69
272-->src\main\AndroidManifest.xml:82:15-67
273            </intent-filter>
274        </activity>
275        <!-- END_SDK_34 -->
276        <!-- BEGIN_SDK_33 -->
277        <activity
277-->src\main\AndroidManifest.xml:203:5-214:16
278            android:name="abi33_0_0.expo.modules.payments.stripe.RedirectUriReceiver"
278-->src\main\AndroidManifest.xml:206:7-80
279            android:exported="true"
279-->src\main\AndroidManifest.xml:204:7-30
280            android:launchMode="singleTask"
280-->src\main\AndroidManifest.xml:205:7-38
281            android:theme="@android:style/Theme.Translucent.NoTitleBar.Fullscreen" >
281-->src\main\AndroidManifest.xml:207:7-77
282            <intent-filter>
282-->src\main\AndroidManifest.xml:208:7-213:23
283                <action android:name="android.intent.action.VIEW" />
283-->src\main\AndroidManifest.xml:84:9-60
283-->src\main\AndroidManifest.xml:84:17-58
284
285                <category android:name="android.intent.category.DEFAULT" />
285-->src\main\AndroidManifest.xml:86:9-67
285-->src\main\AndroidManifest.xml:86:19-65
286                <category android:name="android.intent.category.BROWSABLE" />
286-->src\main\AndroidManifest.xml:87:9-69
286-->src\main\AndroidManifest.xml:87:19-67
287
288                <data android:scheme="abi33_0_0.expo.modules.payments.stripe" />
288-->src\main\AndroidManifest.xml:82:9-69
288-->src\main\AndroidManifest.xml:82:15-67
289            </intent-filter>
290        </activity>
291        <!-- END_SDK_33 -->
292        <!-- END OF STRIPE SCHEMES -->
293
294        <activity
294-->src\main\AndroidManifest.xml:218:5-222:16
295            android:name="host.exp.exponent.experience.ErrorActivity"
295-->src\main\AndroidManifest.xml:219:7-47
296            android:screenOrientation="portrait"
296-->src\main\AndroidManifest.xml:221:7-43
297            android:theme="@style/Theme.Exponent.Dark" >
297-->src\main\AndroidManifest.xml:220:7-49
298        </activity>
299        <activity
299-->src\main\AndroidManifest.xml:224:5-228:16
300            android:name="host.exp.exponent.experience.InfoActivity"
300-->src\main\AndroidManifest.xml:225:7-46
301            android:screenOrientation="portrait"
301-->src\main\AndroidManifest.xml:226:7-43
302            android:theme="@style/Theme.Exponent.Light" >
302-->src\main\AndroidManifest.xml:227:7-50
303        </activity>
304        <activity
304-->src\main\AndroidManifest.xml:230:5-235:39
305            android:name="com.facebook.FacebookActivity"
305-->src\main\AndroidManifest.xml:231:7-51
306            android:configChanges="keyboard|keyboardHidden|screenLayout|screenSize|orientation"
306-->src\main\AndroidManifest.xml:232:7-90
307            android:label="@string/app_name"
307-->src\main\AndroidManifest.xml:233:7-39
308            android:theme="@android:style/Theme.Translucent.NoTitleBar" />
308-->src\main\AndroidManifest.xml:234:7-66
309        <activity
309-->src\main\AndroidManifest.xml:237:5-241:69
310            android:name="com.facebook.ads.InterstitialAdActivity"
310-->src\main\AndroidManifest.xml:238:7-61
311            android:configChanges="keyboard|keyboardHidden|screenLayout|screenSize|orientation"
311-->src\main\AndroidManifest.xml:239:7-90
312            android:label="@string/app_name"
312-->src\main\AndroidManifest.xml:240:7-39
313            android:theme="@android:style/Theme.Translucent.NoTitleBar" />
313-->src\main\AndroidManifest.xml:241:7-66
314
315        <service
315-->src\main\AndroidManifest.xml:243:5-245:34